0	1	mikroCPIC1618.exe -MSF -DBG -pP16F676 -DL -O11111114 -fo4 -N"E:\startup_codes\pic16f676\Github_upload\PIC_16f_mikroc_676_base_code\startup.mcppi" -SP"C:\Users\Public\Documents\Mikroelektronika\mikroC PRO for PIC\Defs\" -SP"C:\Users\Public\Documents\Mikroelektronika\mikroC PRO for PIC\Uses\P16\" -SP"E:\startup_codes\pic16f676\Github_upload\PIC_16f_mikroc_676_base_code\" -SP"E:\startup_codes\pic16f676\PIC_16f_mikroc_676_base_code_0.1\" -SP"E:\startup_codes\pic16f676\PIC_16f_mikroc_676_base_code_0.0\" -SP"E:\startup_codes\pic16f676\Snapshot_repository\PIC_16f_mikroc_676_base_code_0.0\" -SP"E:\startup_codes\pic16f676\" -SP"E:\Wireless_proto\mikroc_code\" -IP"E:\Wireless_proto\mikroc_code\" -IP"E:\startup_codes\pic16f676\" -IP"E:\startup_codes\pic16f676\PIC_16f_mikroc_676_base_code_0.0\" -IP"E:\startup_codes\pic16f676\Snapshot_repository\PIC_16f_mikroc_676_base_code_0.0\" -IP"E:\startup_codes\pic16f676\PIC_16f_mikroc_676_base_code_0.1\" -IP"E:\startup_codes\pic16f676\Github_upload\PIC_16f_mikroc_676_base_code\" "main.c" "interrupt.c" "board.c" "lib_code.c" "__Lib_Math.mcl" "__Lib_MathDouble.mcl" "__Lib_System.mcl" "__Lib_Delays.mcl" "__Lib_CType.mcl" "__Lib_CString.mcl" "__Lib_CStdlib.mcl" "__Lib_CMath.mcl" "__Lib_MemManager.mcl" "__Lib_Conversions.mcl" "__Lib_Sprinti.mcl" "__Lib_Sprintl.mcl" "__Lib_Time.mcl" "__Lib_Trigonometry.mcl" "__Lib_Button.mcl" "__Lib_Manchester.mcl" "__Lib_OneWire.mcl" "__Lib_PS2.mcl" "__Lib_Sound.mcl" "__Lib_SoftI2C.mcl" "__Lib_SoftSPI.mcl" "__Lib_SoftUART.mcl" "__Lib_ADC_A_B.mcl" "__Lib_EEPROM.mcl" "__Lib_LcdConsts.mcl" "__Lib_Lcd.mcl"	 
warning: 0	1501	Specified search path does not exist: 'E:\startup_codes\pic16f676\PIC_16f_mikroc_676_base_code_0.0'	 
warning: 0	1501	Specified search path does not exist: 'E:\startup_codes\pic16f676\Snapshot_repository\PIC_16f_mikroc_676_base_code_0.0'	 
warning: 0	1502	Specified include path does not exist: 'E:\startup_codes\pic16f676\PIC_16f_mikroc_676_base_code_0.0'	 
warning: 0	1502	Specified include path does not exist: 'E:\startup_codes\pic16f676\Snapshot_repository\PIC_16f_mikroc_676_base_code_0.0'	 
hint: 0	1139	Available RAM: 48 [bytes], Available ROM: 1024 [bytes]	 
diagnostics: 0	122	Compilation Started	interrupt.h
diagnostics: 45	123	Compiled Successfully	main.c
diagnostics: 0	122	Compilation Started	interrupt.c
diagnostics: 50	123	Compiled Successfully	interrupt.c
diagnostics: 0	122	Compilation Started	board.h
diagnostics: 21	123	Compiled Successfully	board.c
diagnostics: 0	122	Compilation Started	lib_code.c
diagnostics: 0	123	Compiled Successfully	lib_code.c
diagnostics: 0	127	All files Compiled in 826 ms	 
hint: 0	1144	Used RAM (bytes): 16 (33%)  Free RAM (bytes): 32 (67%)	Used RAM (bytes): 16 (33%)  Free RAM (bytes): 32 (67%)
hint: 0	1144	Used ROM (program words): 584 (57%)  Free ROM (program words): 440 (43%)	Used ROM (program words): 584 (57%)  Free ROM (program words): 440 (43%)
diagnostics: 0	125	Project Linked Successfully	startup.mcppi
diagnostics: 0	128	Linked in 141 ms	 
diagnostics: 0	129	Project 'startup.mcppi' completed: 1123 ms	 
diagnostics: 0	103	Finished successfully: 11 Mar 2017, 22:01:43	startup.mcppi
